<?xml version="1.0" encoding="UTF-8"?>
<!-- Generated by org.testng.reporters.JUnitReportReporter -->
<testsuite hostname="IB-Pune-LAP-358" failures="0" tests="1" name="practise.FirstTest" time="0.007" errors="0" timestamp="21 Sep 2022 12:20:49 GMT">
  <testcase classname="practise.FirstTest" name="get" time="0.007"/>
</testsuite> <!-- practise.FirstTest -->
